[2019-04-26 22:47:19]Running the 5 times of cutting...
Currently 43 models remained...
[2019-04-26 22:52:28]AUC: 0.998724/0.998802
[2019-04-26 22:53:07]AUC: 0.998895/0.998862
[2019-04-26 22:53:46]AUC: 0.999331/0.999254
[2019-04-26 22:54:30]AUC: 0.998854/0.998903
[2019-04-26 22:55:13]AUC: 0.998715/0.998717
[2019-04-26 22:55:51]AUC: 0.998648/0.998683
[2019-04-26 22:55:51]Save 2350 with remove count 2, load count 5.
[2019-04-26 22:56:37]AUC: 0.998800/0.998802
[2019-04-26 22:57:17]AUC: 0.998841/0.998862
[2019-04-26 22:58:11]AUC: 0.999243/0.999254
[2019-04-26 22:58:58]AUC: 0.998846/0.998903
[2019-04-26 22:58:58]Save 3819 with remove count 0, load count 3.
[2019-04-26 22:59:50]AUC: 0.998810/0.998802
[2019-04-26 23:00:26]AUC: 0.998838/0.998862
[2019-04-26 23:01:01]AUC: 0.999221/0.999254
[2019-04-26 23:01:46]AUC: 0.998902/0.998903
[2019-04-26 23:02:22]AUC: 0.998657/0.998717
[2019-04-26 23:02:22]Save 6319 with remove count 1, load count 4.
[2019-04-26 23:03:20]AUC: 0.998771/0.998802
[2019-04-26 23:04:04]AUC: 0.998857/0.998862
[2019-04-26 23:04:44]AUC: 0.999221/0.999254
[2019-04-26 23:05:25]AUC: 0.998868/0.998903
[2019-04-26 23:05:26]Save 560 with remove count 0, load count 3.
[2019-04-26 23:06:05]AUC: 0.998728/0.998802
[2019-04-26 23:06:42]AUC: 0.998808/0.998862
[2019-04-26 23:07:31]AUC: 0.999220/0.999254
[2019-04-26 23:08:23]AUC: 0.998856/0.998903
[2019-04-26 23:08:23]Save 4462 with remove count 0, load count 3.
[2019-04-26 23:09:34]AUC: 0.998825/0.998802
[2019-04-26 23:10:25]AUC: 0.998807/0.998862
[2019-04-26 23:11:03]AUC: 0.999151/0.999254
[2019-04-26 23:11:39]AUC: 0.998838/0.998903
[2019-04-26 23:12:12]AUC: 0.998576/0.998717
[2019-04-26 23:12:12]Save 994 with remove count 1, load count 4.
[2019-04-26 23:12:52]AUC: 0.998737/0.998802
[2019-04-26 23:13:24]AUC: 0.998804/0.998862
[2019-04-26 23:13:55]AUC: 0.999197/0.999254
[2019-04-26 23:14:34]AUC: 0.998847/0.998903
[2019-04-26 23:14:34]Save 9744 with remove count 0, load count 3.
[2019-04-26 23:15:34]AUC: 0.998703/0.998802
[2019-04-26 23:16:14]AUC: 0.998835/0.998862
[2019-04-26 23:17:16]AUC: 0.999286/0.999254
[2019-04-26 23:18:32]AUC: 0.998855/0.998903
[2019-04-26 23:19:45]AUC: 0.998684/0.998717
[2019-04-26 23:19:46]Save 5180 with remove count 1, load count 4.
[2019-04-26 23:20:43]AUC: 0.998754/0.998802
[2019-04-26 23:21:14]AUC: 0.998860/0.998862
[2019-04-26 23:21:40]AUC: 0.999209/0.999254
[2019-04-26 23:22:08]AUC: 0.998859/0.998903
[2019-04-26 23:22:08]Save 3445 with remove count 0, load count 3.
[2019-04-26 23:22:42]AUC: 0.998739/0.998802
[2019-04-26 23:23:21]AUC: 0.998763/0.998862
[2019-04-26 23:23:56]AUC: 0.999243/0.999254
[2019-04-26 23:24:25]AUC: 0.998855/0.998903
[2019-04-26 23:24:25]Save 290 with remove count 0, load count 3.
[2019-04-26 23:24:56]AUC: 0.998771/0.998802
[2019-04-26 23:25:22]AUC: 0.998826/0.998862
[2019-04-26 23:25:48]AUC: 0.999191/0.999254
[2019-04-26 23:26:14]AUC: 0.998873/0.998903
[2019-04-26 23:26:15]Save 5100 with remove count 0, load count 3.
[2019-04-26 23:26:46]AUC: 0.998831/0.998802
[2019-04-26 23:27:13]AUC: 0.998845/0.998862
[2019-04-26 23:27:41]AUC: 0.999241/0.999254
[2019-04-26 23:28:12]AUC: 0.998849/0.998903
[2019-04-26 23:28:46]AUC: 0.998684/0.998717
[2019-04-26 23:28:47]Save 421 with remove count 1, load count 4.
[2019-04-26 23:29:29]AUC: 0.998811/0.998802
[2019-04-26 23:30:07]AUC: 0.998862/0.998862
[2019-04-26 23:31:11]AUC: 0.999275/0.999254
[2019-04-26 23:31:59]AUC: 0.998852/0.998903
[2019-04-26 23:32:34]AUC: 0.998689/0.998717
[2019-04-26 23:33:19]AUC: 0.998669/0.998683
[2019-04-26 23:33:19]Save 3188 with remove count 3, load count 5.
[2019-04-26 23:34:05]AUC: 0.998671/0.998802
[2019-04-26 23:34:42]AUC: 0.998790/0.998862
[2019-04-26 23:35:30]AUC: 0.999238/0.999254
[2019-04-26 23:36:14]AUC: 0.998877/0.998903
[2019-04-26 23:36:15]Save 5117 with remove count 0, load count 3.
[2019-04-26 23:37:06]AUC: 0.998711/0.998802
[2019-04-26 23:37:42]AUC: 0.998844/0.998862
[2019-04-26 23:38:23]AUC: 0.999209/0.999254
[2019-04-26 23:39:04]AUC: 0.998853/0.998903
[2019-04-26 23:39:04]Save 8301 with remove count 0, load count 3.
[2019-04-26 23:39:50]AUC: 0.998780/0.998802
[2019-04-26 23:40:27]AUC: 0.998826/0.998862
[2019-04-26 23:41:06]AUC: 0.999157/0.999254
[2019-04-26 23:41:36]AUC: 0.998891/0.998903
[2019-04-26 23:41:37]Save 512 with remove count 0, load count 3.
[2019-04-26 23:42:24]AUC: 0.998763/0.998802
[2019-04-26 23:43:01]AUC: 0.998851/0.998862
[2019-04-26 23:43:55]AUC: 0.999232/0.999254
[2019-04-26 23:44:39]AUC: 0.998811/0.998903
[2019-04-26 23:44:39]Save 8764 with remove count 0, load count 3.
[2019-04-26 23:45:23]AUC: 0.998770/0.998802
[2019-04-26 23:46:01]AUC: 0.998827/0.998862
[2019-04-26 23:46:55]AUC: 0.999198/0.999254
[2019-04-26 23:47:32]AUC: 0.998900/0.998903
[2019-04-26 23:47:32]Save 1329 with remove count 0, load count 3.
[2019-04-26 23:48:30]AUC: 0.998855/0.998802
[2019-04-26 23:49:24]AUC: 0.998757/0.998862
[2019-04-26 23:50:18]AUC: 0.999258/0.999254
[2019-04-26 23:51:09]AUC: 0.998789/0.998903
[2019-04-26 23:52:04]AUC: 0.998655/0.998717
[2019-04-26 23:52:55]AUC: 0.998705/0.998683
[2019-04-26 23:52:55]Save 9528 with remove count 3, load count 5.
[2019-04-26 23:53:52]AUC: 0.998771/0.998802
[2019-04-26 23:54:37]AUC: 0.998795/0.998862
[2019-04-26 23:55:14]AUC: 0.999205/0.999254
[2019-04-26 23:55:47]AUC: 0.998916/0.998903
[2019-04-26 23:56:17]AUC: 0.998649/0.998717
[2019-04-26 23:56:17]Save 4855 with remove count 1, load count 4.
[2019-04-26 23:56:59]AUC: 0.998742/0.998802
[2019-04-26 23:57:39]AUC: 0.998826/0.998862
[2019-04-26 23:58:22]AUC: 0.999214/0.999254
[2019-04-26 23:59:03]AUC: 0.998885/0.998903
[2019-04-26 23:59:03]Save 2989 with remove count 0, load count 3.
[2019-04-26 23:59:53]AUC: 0.998780/0.998802
[2019-04-27 00:00:31]AUC: 0.998845/0.998862
[2019-04-27 00:01:05]AUC: 0.999240/0.999254
[2019-04-27 00:01:35]AUC: 0.998841/0.998903
[2019-04-27 00:01:35]Save 6184 with remove count 0, load count 3.
[2019-04-27 00:02:23]AUC: 0.998775/0.998802
[2019-04-27 00:03:01]AUC: 0.998838/0.998862
[2019-04-27 00:03:30]AUC: 0.999281/0.999254
[2019-04-27 00:04:07]AUC: 0.998858/0.998903
[2019-04-27 00:04:51]AUC: 0.998706/0.998717
[2019-04-27 00:04:51]Save 9197 with remove count 1, load count 4.
[2019-04-27 00:05:33]AUC: 0.998762/0.998802
[2019-04-27 00:06:07]AUC: 0.998829/0.998862
[2019-04-27 00:06:49]AUC: 0.999280/0.999254
[2019-04-27 00:07:31]AUC: 0.998912/0.998903
[2019-04-27 00:08:10]AUC: 0.998650/0.998717
[2019-04-27 00:09:00]AUC: 0.998668/0.998683
[2019-04-27 00:09:01]Save 2592 with remove count 2, load count 5.
[2019-04-27 00:09:54]AUC: 0.998824/0.998802
[2019-04-27 00:10:29]AUC: 0.998890/0.998862
[2019-04-27 00:11:23]AUC: 0.999139/0.999254
[2019-04-27 00:12:02]AUC: 0.998806/0.998903
[2019-04-27 00:12:47]AUC: 0.998658/0.998717
[2019-04-27 00:13:33]AUC: 0.998691/0.998683
[2019-04-27 00:13:33]Save 4250 with remove count 3, load count 5.
[2019-04-27 00:14:23]AUC: 0.998792/0.998802
[2019-04-27 00:14:59]AUC: 0.998834/0.998862
[2019-04-27 00:15:33]AUC: 0.999185/0.999254
[2019-04-27 00:16:11]AUC: 0.998882/0.998903
[2019-04-27 00:16:11]Save 5038 with remove count 0, load count 3.
[2019-04-27 00:17:04]AUC: 0.998706/0.998802
[2019-04-27 00:17:44]AUC: 0.998838/0.998862
[2019-04-27 00:18:20]AUC: 0.999208/0.999254
[2019-04-27 00:18:58]AUC: 0.998937/0.998903
[2019-04-27 00:19:35]AUC: 0.998681/0.998717
[2019-04-27 00:19:35]Save 9169 with remove count 1, load count 4.
[2019-04-27 00:20:18]AUC: 0.998759/0.998802
[2019-04-27 00:20:53]AUC: 0.998812/0.998862
[2019-04-27 00:22:04]AUC: 0.998894/0.998903
[2019-04-27 00:22:05]Save 6155 with remove count 0, load count 3.
[2019-04-27 00:22:45]AUC: 0.998816/0.998802
[2019-04-27 00:23:25]AUC: 0.998837/0.998862
[2019-04-27 00:23:55]AUC: 0.999112/0.999254
[2019-04-27 00:24:26]AUC: 0.998851/0.998903
[2019-04-27 00:24:56]AUC: 0.998635/0.998717
[2019-04-27 00:24:56]Save 6885 with remove count 1, load count 4.
[2019-04-27 00:25:39]AUC: 0.998723/0.998802
[2019-04-27 00:26:16]AUC: 0.998867/0.998862
[2019-04-27 00:26:48]AUC: 0.999212/0.999254
[2019-04-27 00:27:32]AUC: 0.998820/0.998903
[2019-04-27 00:28:06]AUC: 0.998663/0.998717
[2019-04-27 00:28:06]Save 4541 with remove count 1, load count 4.
[2019-04-27 00:28:51]AUC: 0.998851/0.998802
[2019-04-27 00:29:23]AUC: 0.998826/0.998862
[2019-04-27 00:29:56]AUC: 0.999284/0.999254
[2019-04-27 00:30:28]AUC: 0.998903/0.998903
[2019-04-27 00:30:59]AUC: 0.998716/0.998717
[2019-04-27 00:31:32]AUC: 0.998634/0.998683
[2019-04-27 00:31:32]Save 8524 with remove count 3, load count 5.
[2019-04-27 00:32:12]AUC: 0.998817/0.998802
[2019-04-27 00:32:42]AUC: 0.998867/0.998862
[2019-04-27 00:33:10]AUC: 0.999182/0.999254
[2019-04-27 00:33:42]AUC: 0.998913/0.998903
[2019-04-27 00:34:22]AUC: 0.998703/0.998717
[2019-04-27 00:34:59]AUC: 0.998679/0.998683
[2019-04-27 00:35:00]Save 3552 with remove count 3, load count 5.
[2019-04-27 00:35:40]AUC: 0.998820/0.998802
[2019-04-27 00:36:22]AUC: 0.998829/0.998862
[2019-04-27 00:37:13]AUC: 0.999185/0.999254
[2019-04-27 00:37:57]AUC: 0.998838/0.998903
[2019-04-27 00:38:38]AUC: 0.998747/0.998717
[2019-04-27 00:39:26]AUC: 0.998642/0.998683
[2019-04-27 00:39:26]Save 8124 with remove count 2, load count 5.
[2019-04-27 00:40:07]AUC: 0.998712/0.998802
[2019-04-27 00:40:38]AUC: 0.998809/0.998862
[2019-04-27 00:41:09]AUC: 0.999231/0.999254
[2019-04-27 00:42:03]AUC: 0.998860/0.998903
[2019-04-27 00:42:04]Save 8050 with remove count 0, load count 3.
[2019-04-27 00:43:15]AUC: 0.998796/0.998802
[2019-04-27 00:44:05]AUC: 0.998822/0.998862
[2019-04-27 00:44:48]AUC: 0.999194/0.999254
[2019-04-27 00:45:21]AUC: 0.998829/0.998903
[2019-04-27 00:45:21]Save 6053 with remove count 0, load count 3.
[2019-04-27 00:45:58]AUC: 0.998819/0.998802
[2019-04-27 00:46:29]AUC: 0.998792/0.998862
[2019-04-27 00:47:02]AUC: 0.999217/0.999254
[2019-04-27 00:47:41]AUC: 0.998831/0.998903
[2019-04-27 00:48:23]AUC: 0.998685/0.998717
[2019-04-27 00:48:24]Save 3219 with remove count 1, load count 4.
[2019-04-27 00:49:13]AUC: 0.998846/0.998802
[2019-04-27 00:50:02]AUC: 0.998884/0.998862
[2019-04-27 00:50:55]AUC: 0.999255/0.999254
[2019-04-27 00:51:36]AUC: 0.998853/0.998903
[2019-04-27 00:52:21]AUC: 0.998650/0.998717
[2019-04-27 00:52:56]AUC: 0.998672/0.998683
[2019-04-27 00:52:56]Save 4791 with remove count 3, load count 5.
[2019-04-27 00:53:32]AUC: 0.998776/0.998802
[2019-04-27 00:53:58]AUC: 0.998820/0.998862
[2019-04-27 00:54:23]AUC: 0.999218/0.999254
[2019-04-27 00:54:48]AUC: 0.998879/0.998903
[2019-04-27 00:54:48]Save 2435 with remove count 0, load count 3.
[2019-04-27 00:55:20]AUC: 0.998802/0.998802
[2019-04-27 00:55:46]AUC: 0.998798/0.998862
[2019-04-27 00:56:14]AUC: 0.999285/0.999254
[2019-04-27 00:56:44]AUC: 0.998909/0.998903
[2019-04-27 00:57:13]AUC: 0.998695/0.998717
[2019-04-27 00:57:41]AUC: 0.998654/0.998683
[2019-04-27 00:57:41]Save 8367 with remove count 3, load count 5.
[2019-04-27 00:58:29]AUC: 0.998823/0.998802
[2019-04-27 00:59:05]AUC: 0.998817/0.998862
[2019-04-27 00:59:35]AUC: 0.999264/0.999254
[2019-04-27 01:00:10]AUC: 0.998873/0.998903
[2019-04-27 01:00:38]AUC: 0.998681/0.998717
[2019-04-27 01:01:05]AUC: 0.998667/0.998683
[2019-04-27 01:01:05]Save 1080 with remove count 2, load count 5.
[2019-04-27 01:01:39]AUC: 0.998787/0.998802
[2019-04-27 01:02:10]AUC: 0.998863/0.998862
[2019-04-27 01:02:38]AUC: 0.999235/0.999254
[2019-04-27 01:03:07]AUC: 0.998819/0.998903
[2019-04-27 01:03:34]AUC: 0.998659/0.998717
[2019-04-27 01:03:35]Save 5716 with remove count 1, load count 4.
[2019-04-27 01:04:10]AUC: 0.998707/0.998802
[2019-04-27 01:04:41]AUC: 0.998860/0.998862
[2019-04-27 01:05:10]AUC: 0.999287/0.999254
[2019-04-27 01:05:39]AUC: 0.998856/0.998903
[2019-04-27 01:06:07]AUC: 0.998624/0.998717
[2019-04-27 01:06:07]Save 2633 with remove count 1, load count 4.
[2019-04-27 01:06:43]AUC: 0.998705/0.998802
[2019-04-27 01:07:18]AUC: 0.998866/0.998862
[2019-04-27 01:07:50]AUC: 0.999215/0.999254
[2019-04-27 01:08:41]AUC: 0.998836/0.998903
[2019-04-27 01:09:43]AUC: 0.998683/0.998717
[2019-04-27 01:09:43]Save 3147 with remove count 1, load count 4.
[2019-04-27 01:09:43]Finish cutting.
